2025-02-28T00:13:12.816+05:30  INFO 12516 --- [employee_payroll_app] [main] c.s.e.EmployeePayrollAppApplicationTests : Starting EmployeePayrollAppApplicationTests using Java 17.0.13 with PID 12516 (started by Abhay in C:\Users\abhay\Desktop\CG-Modules\Spring Employee Payroll App)
2025-02-28T00:13:12.834+05:30 DEBUG 12516 --- [employee_payroll_app] [main] c.s.e.EmployeePayrollAppApplicationTests : Running with Spring Boot v3.4.3, Spring v6.2.3
2025-02-28T00:13:12.837+05:30  INFO 12516 --- [employee_payroll_app] [main] c.s.e.EmployeePayrollAppApplicationTests : The following 1 profile is active: "dev"
2025-02-28T00:13:15.136+05:30  INFO 12516 --- [employee_payroll_app] [main] .s.d.r.c.RepositoryConfigurationDelegate : Bootstrapping Spring Data JPA repositories in DEFAULT mode.
2025-02-28T00:13:15.204+05:30  INFO 12516 --- [employee_payroll_app] [main] .s.d.r.c.RepositoryConfigurationDelegate : Finished Spring Data repository scanning in 35 ms. Found 0 JPA repository interfaces.
2025-02-28T00:13:16.507+05:30  INFO 12516 --- [employee_payroll_app] [main] o.hibernate.jpa.internal.util.LogHelper  : HHH000204: Processing PersistenceUnitInfo [name: default]
2025-02-28T00:13:16.717+05:30  INFO 12516 --- [employee_payroll_app] [main] org.hibernate.Version                    : HHH000412: Hibernate ORM core version 6.6.8.Final
2025-02-28T00:13:16.832+05:30  INFO 12516 --- [employee_payroll_app] [main] o.h.c.internal.RegionFactoryInitiator    : HHH000026: Second-level cache disabled
2025-02-28T00:13:17.914+05:30  INFO 12516 --- [employee_payroll_app] [main] o.s.o.j.p.SpringPersistenceUnitInfo      : No LoadTimeWeaver setup: ignoring JPA class transformer
2025-02-28T00:13:18.029+05:30  INFO 12516 --- [employee_payroll_app] [main] com.zaxxer.hikari.HikariDataSource       : HikariPool-1 - Starting...
2025-02-28T00:13:19.229+05:30  INFO 12516 --- [employee_payroll_app] [main] com.zaxxer.hikari.pool.HikariPool        : HikariPool-1 - Added connection com.mysql.cj.jdbc.ConnectionImpl@6728370a
2025-02-28T00:13:19.236+05:30  INFO 12516 --- [employee_payroll_app] [main] com.zaxxer.hikari.HikariDataSource       : HikariPool-1 - Start completed.
2025-02-28T00:13:19.558+05:30  WARN 12516 --- [employee_payroll_app] [main] org.hibernate.orm.deprecation            : HHH90000025: MySQL8Dialect does not need to be specified explicitly using 'hibernate.dialect' (remove the property setting and it will be selected by default)
2025-02-28T00:13:19.562+05:30  WARN 12516 --- [employee_payroll_app] [main] org.hibernate.orm.deprecation            : HHH90000026: MySQL8Dialect has been deprecated; use org.hibernate.dialect.MySQLDialect instead
2025-02-28T00:13:19.697+05:30  INFO 12516 --- [employee_payroll_app] [main] org.hibernate.orm.connections.pooling    : HHH10001005: Database info:
	Database JDBC URL [Connecting through datasource 'HikariDataSource (HikariPool-1)']
	Database driver: undefined/unknown
	Database version: 8.0
	Autocommit mode: undefined/unknown
	Isolation level: undefined/unknown
	Minimum pool size: undefined/unknown
	Maximum pool size: undefined/unknown
2025-02-28T00:13:22.250+05:30  INFO 12516 --- [employee_payroll_app] [main] o.h.e.t.j.p.i.JtaPlatformInitiator       : HHH000489: No JTA platform available (set 'hibernate.transaction.jta.platform' to enable JTA platform integration)
2025-02-28T00:13:22.504+05:30  INFO 12516 --- [employee_payroll_app] [main] j.LocalContainerEntityManagerFactoryBean : Initialized JPA EntityManagerFactory for persistence unit 'default'
2025-02-28T00:13:22.964+05:30  WARN 12516 --- [employee_payroll_app] [main] JpaBaseConfiguration$JpaWebConfiguration : spring.jpa.open-in-view is enabled by default. Therefore, database queries may be performed during view rendering. Explicitly configure spring.jpa.open-in-view to disable this warning
2025-02-28T00:13:24.670+05:30  INFO 12516 --- [employee_payroll_app] [main] c.s.e.EmployeePayrollAppApplicationTests : Started EmployeePayrollAppApplicationTests in 12.861 seconds (process running for 15.925)
2025-02-28T00:13:26.545+05:30  INFO 12516 --- [employee_payroll_app] [SpringApplicationShutdownHook] j.LocalContainerEntityManagerFactoryBean : Closing JPA EntityManagerFactory for persistence unit 'default'
2025-02-28T00:13:26.556+05:30  INFO 12516 --- [employee_payroll_app] [SpringApplicationShutdownHook] com.zaxxer.hikari.HikariDataSource       : HikariPool-1 - Shutdown initiated...
2025-02-28T00:13:26.593+05:30  INFO 12516 --- [employee_payroll_app] [SpringApplicationShutdownHook] com.zaxxer.hikari.HikariDataSource       : HikariPool-1 - Shutdown completed.
2025-02-28T00:17:06.315+05:30  INFO 7728 --- [employee_payroll_app] [restartedMain] c.s.e.EmployeePayrollAppApplication      : Starting EmployeePayrollAppApplication using Java 23.0.1 with PID 7728 (C:\Users\abhay\Desktop\CG-Modules\Spring Employee Payroll App\target\classes started by Abhay in C:\Users\abhay\Desktop\CG-Modules\Spring Employee Payroll App)
2025-02-28T00:17:06.321+05:30 DEBUG 7728 --- [employee_payroll_app] [restartedMain] c.s.e.EmployeePayrollAppApplication      : Running with Spring Boot v3.4.3, Spring v6.2.3
2025-02-28T00:17:06.324+05:30  INFO 7728 --- [employee_payroll_app] [restartedMain] c.s.e.EmployeePayrollAppApplication      : The following 1 profile is active: "dev"
2025-02-28T00:17:06.554+05:30  INFO 7728 --- [employee_payroll_app] [restartedMain] .e.DevToolsPropertyDefaultsPostProcessor : Devtools property defaults active! Set 'spring.devtools.add-properties' to 'false' to disable
2025-02-28T00:17:06.555+05:30  INFO 7728 --- [employee_payroll_app] [restartedMain] .e.DevToolsPropertyDefaultsPostProcessor : For additional web related logging consider setting the 'logging.level.web' property to 'DEBUG'
2025-02-28T00:17:09.265+05:30  INFO 7728 --- [employee_payroll_app] [restartedMain] .s.d.r.c.RepositoryConfigurationDelegate : Bootstrapping Spring Data JPA repositories in DEFAULT mode.
2025-02-28T00:17:09.341+05:30  INFO 7728 --- [employee_payroll_app] [restartedMain] .s.d.r.c.RepositoryConfigurationDelegate : Finished Spring Data repository scanning in 42 ms. Found 0 JPA repository interfaces.
2025-02-28T00:17:11.054+05:30  INFO 7728 --- [employee_payroll_app] [restartedMain] o.s.b.w.embedded.tomcat.TomcatWebServer  : Tomcat initialized with port 8080 (http)
2025-02-28T00:17:11.096+05:30  INFO 7728 --- [employee_payroll_app] [restartedMain] o.apache.catalina.core.StandardService   : Starting service [Tomcat]
2025-02-28T00:17:11.097+05:30  INFO 7728 --- [employee_payroll_app] [restartedMain] o.apache.catalina.core.StandardEngine    : Starting Servlet engine: [Apache Tomcat/10.1.36]
2025-02-28T00:17:11.224+05:30  INFO 7728 --- [employee_payroll_app] [restartedMain] o.a.c.c.C.[Tomcat].[localhost].[/]       : Initializing Spring embedded WebApplicationContext
2025-02-28T00:17:11.224+05:30  INFO 7728 --- [employee_payroll_app] [restartedMain] w.s.c.ServletWebServerApplicationContext : Root WebApplicationContext: initialization completed in 4667 ms
2025-02-28T00:17:11.711+05:30  INFO 7728 --- [employee_payroll_app] [restartedMain] o.hibernate.jpa.internal.util.LogHelper  : HHH000204: Processing PersistenceUnitInfo [name: default]
2025-02-28T00:17:11.952+05:30  INFO 7728 --- [employee_payroll_app] [restartedMain] org.hibernate.Version                    : HHH000412: Hibernate ORM core version 6.6.8.Final
2025-02-28T00:17:12.092+05:30  INFO 7728 --- [employee_payroll_app] [restartedMain] o.h.c.internal.RegionFactoryInitiator    : HHH000026: Second-level cache disabled
2025-02-28T00:17:14.089+05:30  INFO 7728 --- [employee_payroll_app] [restartedMain] o.s.o.j.p.SpringPersistenceUnitInfo      : No LoadTimeWeaver setup: ignoring JPA class transformer
2025-02-28T00:17:14.372+05:30  INFO 7728 --- [employee_payroll_app] [restartedMain] com.zaxxer.hikari.HikariDataSource       : HikariPool-1 - Starting...
2025-02-28T00:17:16.057+05:30  INFO 7728 --- [employee_payroll_app] [restartedMain] com.zaxxer.hikari.pool.HikariPool        : HikariPool-1 - Added connection com.mysql.cj.jdbc.ConnectionImpl@60a3a51c
2025-02-28T00:17:16.065+05:30  INFO 7728 --- [employee_payroll_app] [restartedMain] com.zaxxer.hikari.HikariDataSource       : HikariPool-1 - Start completed.
2025-02-28T00:17:16.233+05:30  WARN 7728 --- [employee_payroll_app] [restartedMain] org.hibernate.orm.deprecation            : HHH90000025: MySQL8Dialect does not need to be specified explicitly using 'hibernate.dialect' (remove the property setting and it will be selected by default)
2025-02-28T00:17:16.241+05:30  WARN 7728 --- [employee_payroll_app] [restartedMain] org.hibernate.orm.deprecation            : HHH90000026: MySQL8Dialect has been deprecated; use org.hibernate.dialect.MySQLDialect instead
2025-02-28T00:17:16.476+05:30  INFO 7728 --- [employee_payroll_app] [restartedMain] org.hibernate.orm.connections.pooling    : HHH10001005: Database info:
	Database JDBC URL [Connecting through datasource 'HikariDataSource (HikariPool-1)']
	Database driver: undefined/unknown
	Database version: 8.0
	Autocommit mode: undefined/unknown
	Isolation level: undefined/unknown
	Minimum pool size: undefined/unknown
	Maximum pool size: undefined/unknown
2025-02-28T00:17:20.350+05:30  INFO 7728 --- [employee_payroll_app] [restartedMain] o.h.e.t.j.p.i.JtaPlatformInitiator       : HHH000489: No JTA platform available (set 'hibernate.transaction.jta.platform' to enable JTA platform integration)
2025-02-28T00:17:20.503+05:30  INFO 7728 --- [employee_payroll_app] [restartedMain] j.LocalContainerEntityManagerFactoryBean : Initialized JPA EntityManagerFactory for persistence unit 'default'
2025-02-28T00:17:20.785+05:30  WARN 7728 --- [employee_payroll_app] [restartedMain] JpaBaseConfiguration$JpaWebConfiguration : spring.jpa.open-in-view is enabled by default. Therefore, database queries may be performed during view rendering. Explicitly configure spring.jpa.open-in-view to disable this warning
2025-02-28T00:17:22.641+05:30  INFO 7728 --- [employee_payroll_app] [restartedMain] o.s.b.d.a.OptionalLiveReloadServer       : LiveReload server is running on port 35729
2025-02-28T00:17:22.864+05:30  INFO 7728 --- [employee_payroll_app] [restartedMain] o.s.b.w.embedded.tomcat.TomcatWebServer  : Tomcat started on port 8080 (http) with context path '/'
2025-02-28T00:17:22.934+05:30  INFO 7728 --- [employee_payroll_app] [restartedMain] c.s.e.EmployeePayrollAppApplication      : Started EmployeePayrollAppApplication in 18.358 seconds (process running for 20.265)
2025-02-28T00:17:56.020+05:30  INFO 7728 --- [employee_payroll_app] [http-nio-8080-exec-2] o.a.c.c.C.[Tomcat].[localhost].[/]       : Initializing Spring DispatcherServlet 'dispatcherServlet'
2025-02-28T00:17:56.021+05:30  INFO 7728 --- [employee_payroll_app] [http-nio-8080-exec-2] o.s.web.servlet.DispatcherServlet        : Initializing Servlet 'dispatcherServlet'
2025-02-28T00:17:56.025+05:30  INFO 7728 --- [employee_payroll_app] [http-nio-8080-exec-2] o.s.web.servlet.DispatcherServlet        : Completed initialization in 3 ms
2025-02-28T00:17:56.613+05:30  INFO 7728 --- [employee_payroll_app] [http-nio-8080-exec-2] c.s.e.controllers.EmployeeController     : Received request to register a new employee: com.spring.employee_payroll_app.dto.EmployeeDTO@33699eba
2025-02-28T00:17:56.613+05:30  INFO 7728 --- [employee_payroll_app] [http-nio-8080-exec-2] c.s.e.controllers.EmployeeController     : Employee registered successfully: com.spring.employee_payroll_app.dto.EmployeeDTO@33699eba
2025-02-28T00:18:01.676+05:30  WARN 7728 --- [employee_payroll_app] [http-nio-8080-exec-3] .w.s.m.s.DefaultHandlerExceptionResolver : Resolved [org.springframework.web.bind.MethodArgumentNotValidException: Validation failed for argument [0] in public com.spring.employee_payroll_app.dto.EmployeeDTO com.spring.employee_payroll_app.controllers.EmployeeController.registerEmployee(com.spring.employee_payroll_app.dto.EmployeeDTO): [Field error in object 'employeeDTO' on field 'name': rejected value [R]; codes [Size.employeeDTO.name,Size.name,Size.java.lang.String,Size]; arguments [org.springframework.context.support.DefaultMessageSourceResolvable: codes [employeeDTO.name,name]; arguments []; default message [name],2147483647,2]; default message [Name should be atleast 2 characters long]] ]
2025-02-28T00:18:53.731+05:30  INFO 7728 --- [employee_payroll_app] [http-nio-8080-exec-5] c.s.e.controllers.EmployeeController     : Received request to register a new employee: com.spring.employee_payroll_app.dto.EmployeeDTO@61e25f16
2025-02-28T00:18:53.732+05:30  INFO 7728 --- [employee_payroll_app] [http-nio-8080-exec-5] c.s.e.controllers.EmployeeController     : Employee registered successfully: com.spring.employee_payroll_app.dto.EmployeeDTO@61e25f16
2025-02-28T00:19:27.591+05:30  WARN 7728 --- [employee_payroll_app] [http-nio-8080-exec-7] .w.s.m.s.DefaultHandlerExceptionResolver : Resolved [org.springframework.web.bind.MethodArgumentNotValidException: Validation failed for argument [1] in public com.spring.employee_payroll_app.dto.EmployeeDTO com.spring.employee_payroll_app.controllers.EmployeeController.updateEmployeePayrollByName(java.lang.String,com.spring.employee_payroll_app.dto.EmployeeDTO): [Field error in object 'employeeDTO' on field 'name': rejected value [R]; codes [Size.employeeDTO.name,Size.name,Size.java.lang.String,Size]; arguments [org.springframework.context.support.DefaultMessageSourceResolvable: codes [employeeDTO.name,name]; arguments []; default message [name],2147483647,2]; default message [Name should be atleast 2 characters long]] ]
2025-02-28T00:19:48.719+05:30  WARN 7728 --- [employee_payroll_app] [http-nio-8080-exec-9] .w.s.m.s.DefaultHandlerExceptionResolver : Resolved [org.springframework.web.bind.MethodArgumentNotValidException: Validation failed for argument [1] in public com.spring.employee_payroll_app.dto.EmployeeDTO com.spring.employee_payroll_app.controllers.EmployeeController.updateEmployeePayrollByName(java.lang.String,com.spring.employee_payroll_app.dto.EmployeeDTO): [Field error in object 'employeeDTO' on field 'name': rejected value [Rohit123]; codes [Pattern.employeeDTO.name,Pattern.name,Pattern.java.lang.String,Pattern]; arguments [org.springframework.context.support.DefaultMessageSourceResolvable: codes [employeeDTO.name,name]; arguments []; default message [name],[Ljakarta.validation.constraints.Pattern$Flag;@548db019,^[A-Za-z\s]+$]; default message [Name should contain only alphabets]] ]
2025-02-28T00:19:57.032+05:30  INFO 7728 --- [employee_payroll_app] [http-nio-8080-exec-1] c.s.e.controllers.EmployeeController     : Payroll record for Employee Ro updated successfully.
2025-02-28T00:20:09.575+05:30  INFO 7728 --- [employee_payroll_app] [http-nio-8080-exec-2] c.s.e.controllers.EmployeeController     : All payroll records retrieved successfully.
2025-02-28T00:21:32.080+05:30  INFO 7728 --- [employee_payroll_app] [SpringApplicationShutdownHook] o.s.b.w.e.tomcat.GracefulShutdown        : Commencing graceful shutdown. Waiting for active requests to complete
2025-02-28T00:21:32.087+05:30  INFO 7728 --- [employee_payroll_app] [tomcat-shutdown] o.s.b.w.e.tomcat.GracefulShutdown        : Graceful shutdown complete
2025-02-28T00:21:32.098+05:30  INFO 7728 --- [employee_payroll_app] [SpringApplicationShutdownHook] j.LocalContainerEntityManagerFactoryBean : Closing JPA EntityManagerFactory for persistence unit 'default'
2025-02-28T00:21:32.110+05:30  INFO 7728 --- [employee_payroll_app] [SpringApplicationShutdownHook] com.zaxxer.hikari.HikariDataSource       : HikariPool-1 - Shutdown initiated...
2025-02-28T00:21:32.131+05:30  INFO 7728 --- [employee_payroll_app] [SpringApplicationShutdownHook] com.zaxxer.hikari.HikariDataSource       : HikariPool-1 - Shutdown completed.
2025-02-28T00:21:50.083+05:30  INFO 12316 --- [employee_payroll_app] [restartedMain] c.s.e.EmployeePayrollAppApplication      : Starting EmployeePayrollAppApplication using Java 23.0.1 with PID 12316 (C:\Users\abhay\Desktop\CG-Modules\Spring Employee Payroll App\target\classes started by Abhay in C:\Users\abhay\Desktop\CG-Modules\Spring Employee Payroll App)
2025-02-28T00:21:50.089+05:30 DEBUG 12316 --- [employee_payroll_app] [restartedMain] c.s.e.EmployeePayrollAppApplication      : Running with Spring Boot v3.4.3, Spring v6.2.3
2025-02-28T00:21:50.091+05:30  INFO 12316 --- [employee_payroll_app] [restartedMain] c.s.e.EmployeePayrollAppApplication      : The following 1 profile is active: "dev"
2025-02-28T00:21:50.453+05:30  INFO 12316 --- [employee_payroll_app] [restartedMain] .e.DevToolsPropertyDefaultsPostProcessor : Devtools property defaults active! Set 'spring.devtools.add-properties' to 'false' to disable
2025-02-28T00:21:50.459+05:30  INFO 12316 --- [employee_payroll_app] [restartedMain] .e.DevToolsPropertyDefaultsPostProcessor : For additional web related logging consider setting the 'logging.level.web' property to 'DEBUG'
2025-02-28T00:21:53.627+05:30  INFO 12316 --- [employee_payroll_app] [restartedMain] .s.d.r.c.RepositoryConfigurationDelegate : Bootstrapping Spring Data JPA repositories in DEFAULT mode.
2025-02-28T00:21:53.711+05:30  INFO 12316 --- [employee_payroll_app] [restartedMain] .s.d.r.c.RepositoryConfigurationDelegate : Finished Spring Data repository scanning in 45 ms. Found 0 JPA repository interfaces.
2025-02-28T00:21:56.479+05:30  INFO 12316 --- [employee_payroll_app] [restartedMain] o.s.b.w.embedded.tomcat.TomcatWebServer  : Tomcat initialized with port 8080 (http)
2025-02-28T00:21:56.549+05:30  INFO 12316 --- [employee_payroll_app] [restartedMain] o.apache.catalina.core.StandardService   : Starting service [Tomcat]
2025-02-28T00:21:56.550+05:30  INFO 12316 --- [employee_payroll_app] [restartedMain] o.apache.catalina.core.StandardEngine    : Starting Servlet engine: [Apache Tomcat/10.1.36]
2025-02-28T00:21:56.718+05:30  INFO 12316 --- [employee_payroll_app] [restartedMain] o.a.c.c.C.[Tomcat].[localhost].[/]       : Initializing Spring embedded WebApplicationContext
2025-02-28T00:21:56.719+05:30  INFO 12316 --- [employee_payroll_app] [restartedMain] w.s.c.ServletWebServerApplicationContext : Root WebApplicationContext: initialization completed in 6255 ms
2025-02-28T00:21:57.336+05:30  INFO 12316 --- [employee_payroll_app] [restartedMain] o.hibernate.jpa.internal.util.LogHelper  : HHH000204: Processing PersistenceUnitInfo [name: default]
2025-02-28T00:21:57.591+05:30  INFO 12316 --- [employee_payroll_app] [restartedMain] org.hibernate.Version                    : HHH000412: Hibernate ORM core version 6.6.8.Final
2025-02-28T00:21:57.755+05:30  INFO 12316 --- [employee_payroll_app] [restartedMain] o.h.c.internal.RegionFactoryInitiator    : HHH000026: Second-level cache disabled
2025-02-28T00:21:59.118+05:30  INFO 12316 --- [employee_payroll_app] [restartedMain] o.s.o.j.p.SpringPersistenceUnitInfo      : No LoadTimeWeaver setup: ignoring JPA class transformer
2025-02-28T00:21:59.222+05:30  INFO 12316 --- [employee_payroll_app] [restartedMain] com.zaxxer.hikari.HikariDataSource       : HikariPool-1 - Starting...
2025-02-28T00:22:01.153+05:30  INFO 12316 --- [employee_payroll_app] [restartedMain] com.zaxxer.hikari.pool.HikariPool        : HikariPool-1 - Added connection com.mysql.cj.jdbc.ConnectionImpl@27c7a3f4
2025-02-28T00:22:01.162+05:30  INFO 12316 --- [employee_payroll_app] [restartedMain] com.zaxxer.hikari.HikariDataSource       : HikariPool-1 - Start completed.
2025-02-28T00:22:01.394+05:30  WARN 12316 --- [employee_payroll_app] [restartedMain] org.hibernate.orm.deprecation            : HHH90000025: MySQL8Dialect does not need to be specified explicitly using 'hibernate.dialect' (remove the property setting and it will be selected by default)
2025-02-28T00:22:01.458+05:30  WARN 12316 --- [employee_payroll_app] [restartedMain] org.hibernate.orm.deprecation            : HHH90000026: MySQL8Dialect has been deprecated; use org.hibernate.dialect.MySQLDialect instead
2025-02-28T00:22:01.976+05:30  INFO 12316 --- [employee_payroll_app] [restartedMain] org.hibernate.orm.connections.pooling    : HHH10001005: Database info:
	Database JDBC URL [Connecting through datasource 'HikariDataSource (HikariPool-1)']
	Database driver: undefined/unknown
	Database version: 8.0
	Autocommit mode: undefined/unknown
	Isolation level: undefined/unknown
	Minimum pool size: undefined/unknown
	Maximum pool size: undefined/unknown
2025-02-28T00:22:04.549+05:30  INFO 12316 --- [employee_payroll_app] [restartedMain] o.h.e.t.j.p.i.JtaPlatformInitiator       : HHH000489: No JTA platform available (set 'hibernate.transaction.jta.platform' to enable JTA platform integration)
2025-02-28T00:22:04.670+05:30  INFO 12316 --- [employee_payroll_app] [restartedMain] j.LocalContainerEntityManagerFactoryBean : Initialized JPA EntityManagerFactory for persistence unit 'default'
2025-02-28T00:22:04.850+05:30  WARN 12316 --- [employee_payroll_app] [restartedMain] JpaBaseConfiguration$JpaWebConfiguration : spring.jpa.open-in-view is enabled by default. Therefore, database queries may be performed during view rendering. Explicitly configure spring.jpa.open-in-view to disable this warning
2025-02-28T00:22:05.838+05:30  INFO 12316 --- [employee_payroll_app] [restartedMain] o.s.b.d.a.OptionalLiveReloadServer       : LiveReload server is running on port 35729
2025-02-28T00:22:05.922+05:30  INFO 12316 --- [employee_payroll_app] [restartedMain] o.s.b.w.embedded.tomcat.TomcatWebServer  : Tomcat started on port 8080 (http) with context path '/'
2025-02-28T00:22:05.951+05:30  INFO 12316 --- [employee_payroll_app] [restartedMain] c.s.e.EmployeePayrollAppApplication      : Started EmployeePayrollAppApplication in 17.999 seconds (process running for 20.153)
2025-02-28T00:22:09.634+05:30  INFO 12316 --- [employee_payroll_app] [http-nio-8080-exec-1] o.a.c.c.C.[Tomcat].[localhost].[/]       : Initializing Spring DispatcherServlet 'dispatcherServlet'
2025-02-28T00:22:09.635+05:30  INFO 12316 --- [employee_payroll_app] [http-nio-8080-exec-1] o.s.web.servlet.DispatcherServlet        : Initializing Servlet 'dispatcherServlet'
2025-02-28T00:22:09.640+05:30  INFO 12316 --- [employee_payroll_app] [http-nio-8080-exec-1] o.s.web.servlet.DispatcherServlet        : Completed initialization in 4 ms
2025-02-28T00:22:10.549+05:30  WARN 12316 --- [employee_payroll_app] [http-nio-8080-exec-1] .w.s.m.s.DefaultHandlerExceptionResolver : Resolved [org.springframework.web.bind.MethodArgumentNotValidException: Validation failed for argument [0] in public com.spring.employee_payroll_app.dto.EmployeeDTO com.spring.employee_payroll_app.controllers.EmployeeController.registerEmployee(com.spring.employee_payroll_app.dto.EmployeeDTO) with 2 errors: [Field error in object 'employeeDTO' on field 'name': rejected value []; codes [Pattern.employeeDTO.name,Pattern.name,Pattern.java.lang.String,Pattern]; arguments [org.springframework.context.support.DefaultMessageSourceResolvable: codes [employeeDTO.name,name]; arguments []; default message [name],[Ljakarta.validation.constraints.Pattern$Flag;@75531b49,^[A-Za-z\s]+$]; default message [Name should contain only alphabets]] [Field error in object 'employeeDTO' on field 'name': rejected value []; codes [Size.employeeDTO.name,Size.name,Size.java.lang.String,Size]; arguments [org.springframework.context.support.DefaultMessageSourceResolvable: codes [employeeDTO.name,name]; arguments []; default message [name],2147483647,2]; default message [Name should be atleast 2 characters long]] ]
2025-02-28T00:22:30.592+05:30  INFO 12316 --- [employee_payroll_app] [http-nio-8080-exec-4] c.s.e.controllers.EmployeeController     : Received request to register a new employee: com.spring.employee_payroll_app.dto.EmployeeDTO@68f80001
2025-02-28T00:22:30.593+05:30  INFO 12316 --- [employee_payroll_app] [http-nio-8080-exec-4] c.s.e.controllers.EmployeeController     : Employee registered successfully: com.spring.employee_payroll_app.dto.EmployeeDTO@68f80001
2025-02-28T00:22:55.233+05:30  WARN 12316 --- [employee_payroll_app] [http-nio-8080-exec-5] .w.s.m.s.DefaultHandlerExceptionResolver : Resolved [org.springframework.web.bind.MethodArgumentNotValidException: Validation failed for argument [1] in public com.spring.employee_payroll_app.dto.EmployeeDTO com.spring.employee_payroll_app.controllers.EmployeeController.updateEmployeePayrollByName(java.lang.String,com.spring.employee_payroll_app.dto.EmployeeDTO): [Field error in object 'employeeDTO' on field 'name': rejected value [A123]; codes [Pattern.employeeDTO.name,Pattern.name,Pattern.java.lang.String,Pattern]; arguments [org.springframework.context.support.DefaultMessageSourceResolvable: codes [employeeDTO.name,name]; arguments []; default message [name],[Ljakarta.validation.constraints.Pattern$Flag;@75531b49,^[A-Za-z\s]+$]; default message [Name should contain only alphabets]] ]
2025-02-28T00:23:11.742+05:30  WARN 12316 --- [employee_payroll_app] [http-nio-8080-exec-7] .w.s.m.s.DefaultHandlerExceptionResolver : Resolved [org.springframework.web.bind.MethodArgumentNotValidException: Validation failed for argument [1] in public com.spring.employee_payroll_app.dto.EmployeeDTO com.spring.employee_payroll_app.controllers.EmployeeController.updateEmployeePayrollByName(java.lang.String,com.spring.employee_payroll_app.dto.EmployeeDTO) with 2 errors: [Field error in object 'employeeDTO' on field 'name': rejected value []; codes [Size.employeeDTO.name,Size.name,Size.java.lang.String,Size]; arguments [org.springframework.context.support.DefaultMessageSourceResolvable: codes [employeeDTO.name,name]; arguments []; default message [name],2147483647,2]; default message [Name should be atleast 2 characters long]] [Field error in object 'employeeDTO' on field 'name': rejected value []; codes [Pattern.employeeDTO.name,Pattern.name,Pattern.java.lang.String,Pattern]; arguments [org.springframework.context.support.DefaultMessageSourceResolvable: codes [employeeDTO.name,name]; arguments []; default message [name],[Ljakarta.validation.constraints.Pattern$Flag;@75531b49,^[A-Za-z\s]+$]; default message [Name should contain only alphabets]] ]
2025-02-28T00:23:18.825+05:30  INFO 12316 --- [employee_payroll_app] [http-nio-8080-exec-9] c.s.e.controllers.EmployeeController     : Payroll record for Employee Abhay is here updated successfully.
2025-02-28T00:23:33.303+05:30  INFO 12316 --- [employee_payroll_app] [http-nio-8080-exec-10] c.s.e.controllers.EmployeeController     : Employee Abhay removed from payroll successfully!
2025-02-28T00:23:43.476+05:30  WARN 12316 --- [employee_payroll_app] [http-nio-8080-exec-2] c.s.e.controllers.EmployeeController     : No payroll record found for Employee clear
2025-02-28T00:23:52.072+05:30  WARN 12316 --- [employee_payroll_app] [http-nio-8080-exec-1] c.s.e.controllers.EmployeeController     : No payroll records found to clear.
2025-02-28T00:24:01.185+05:30  WARN 12316 --- [employee_payroll_app] [http-nio-8080-exec-3] c.s.e.controllers.EmployeeController     : No payroll records found.
2025-02-28T00:24:04.574+05:30  INFO 12316 --- [employee_payroll_app] [SpringApplicationShutdownHook] o.s.b.w.e.tomcat.GracefulShutdown        : Commencing graceful shutdown. Waiting for active requests to complete
2025-02-28T00:24:04.587+05:30  INFO 12316 --- [employee_payroll_app] [tomcat-shutdown] o.s.b.w.e.tomcat.GracefulShutdown        : Graceful shutdown complete
2025-02-28T00:24:04.603+05:30  INFO 12316 --- [employee_payroll_app] [SpringApplicationShutdownHook] j.LocalContainerEntityManagerFactoryBean : Closing JPA EntityManagerFactory for persistence unit 'default'
2025-02-28T00:24:04.618+05:30  INFO 12316 --- [employee_payroll_app] [SpringApplicationShutdownHook] com.zaxxer.hikari.HikariDataSource       : HikariPool-1 - Shutdown initiated...
2025-02-28T00:24:04.649+05:30  INFO 12316 --- [employee_payroll_app] [SpringApplicationShutdownHook] com.zaxxer.hikari.HikariDataSource       : HikariPool-1 - Shutdown completed.
2025-02-28T00:29:57.197+05:30  INFO 6612 --- [employee_payroll_app] [restartedMain] c.s.e.EmployeePayrollAppApplication      : Starting EmployeePayrollAppApplication using Java 23.0.1 with PID 6612 (C:\Users\abhay\Desktop\CG-Modules\Spring Employee Payroll App\target\classes started by Abhay in C:\Users\abhay\Desktop\CG-Modules\Spring Employee Payroll App)
2025-02-28T00:29:57.203+05:30 DEBUG 6612 --- [employee_payroll_app] [restartedMain] c.s.e.EmployeePayrollAppApplication      : Running with Spring Boot v3.4.3, Spring v6.2.3
2025-02-28T00:29:57.206+05:30  INFO 6612 --- [employee_payroll_app] [restartedMain] c.s.e.EmployeePayrollAppApplication      : The following 1 profile is active: "dev"
2025-02-28T00:29:57.431+05:30  INFO 6612 --- [employee_payroll_app] [restartedMain] .e.DevToolsPropertyDefaultsPostProcessor : Devtools property defaults active! Set 'spring.devtools.add-properties' to 'false' to disable
2025-02-28T00:29:57.432+05:30  INFO 6612 --- [employee_payroll_app] [restartedMain] .e.DevToolsPropertyDefaultsPostProcessor : For additional web related logging consider setting the 'logging.level.web' property to 'DEBUG'
2025-02-28T00:30:00.584+05:30  INFO 6612 --- [employee_payroll_app] [restartedMain] .s.d.r.c.RepositoryConfigurationDelegate : Bootstrapping Spring Data JPA repositories in DEFAULT mode.
2025-02-28T00:30:00.710+05:30  INFO 6612 --- [employee_payroll_app] [restartedMain] .s.d.r.c.RepositoryConfigurationDelegate : Finished Spring Data repository scanning in 79 ms. Found 0 JPA repository interfaces.
2025-02-28T00:30:03.022+05:30  INFO 6612 --- [employee_payroll_app] [restartedMain] o.s.b.w.embedded.tomcat.TomcatWebServer  : Tomcat initialized with port 8080 (http)
2025-02-28T00:30:03.072+05:30  INFO 6612 --- [employee_payroll_app] [restartedMain] o.apache.catalina.core.StandardService   : Starting service [Tomcat]
2025-02-28T00:30:03.073+05:30  INFO 6612 --- [employee_payroll_app] [restartedMain] o.apache.catalina.core.StandardEngine    : Starting Servlet engine: [Apache Tomcat/10.1.36]
2025-02-28T00:30:03.210+05:30  INFO 6612 --- [employee_payroll_app] [restartedMain] o.a.c.c.C.[Tomcat].[localhost].[/]       : Initializing Spring embedded WebApplicationContext
2025-02-28T00:30:03.211+05:30  INFO 6612 --- [employee_payroll_app] [restartedMain] w.s.c.ServletWebServerApplicationContext : Root WebApplicationContext: initialization completed in 5776 ms
2025-02-28T00:30:03.836+05:30  INFO 6612 --- [employee_payroll_app] [restartedMain] o.hibernate.jpa.internal.util.LogHelper  : HHH000204: Processing PersistenceUnitInfo [name: default]
2025-02-28T00:30:04.014+05:30  INFO 6612 --- [employee_payroll_app] [restartedMain] org.hibernate.Version                    : HHH000412: Hibernate ORM core version 6.6.8.Final
2025-02-28T00:30:04.124+05:30  INFO 6612 --- [employee_payroll_app] [restartedMain] o.h.c.internal.RegionFactoryInitiator    : HHH000026: Second-level cache disabled
2025-02-28T00:30:05.088+05:30  INFO 6612 --- [employee_payroll_app] [restartedMain] o.s.o.j.p.SpringPersistenceUnitInfo      : No LoadTimeWeaver setup: ignoring JPA class transformer
2025-02-28T00:30:05.177+05:30  INFO 6612 --- [employee_payroll_app] [restartedMain] com.zaxxer.hikari.HikariDataSource       : HikariPool-1 - Starting...
2025-02-28T00:30:06.360+05:30  INFO 6612 --- [employee_payroll_app] [restartedMain] com.zaxxer.hikari.pool.HikariPool        : HikariPool-1 - Added connection com.mysql.cj.jdbc.ConnectionImpl@7d2d00c5
2025-02-28T00:30:06.368+05:30  INFO 6612 --- [employee_payroll_app] [restartedMain] com.zaxxer.hikari.HikariDataSource       : HikariPool-1 - Start completed.
2025-02-28T00:30:06.552+05:30  WARN 6612 --- [employee_payroll_app] [restartedMain] org.hibernate.orm.deprecation            : HHH90000025: MySQL8Dialect does not need to be specified explicitly using 'hibernate.dialect' (remove the property setting and it will be selected by default)
2025-02-28T00:30:06.555+05:30  WARN 6612 --- [employee_payroll_app] [restartedMain] org.hibernate.orm.deprecation            : HHH90000026: MySQL8Dialect has been deprecated; use org.hibernate.dialect.MySQLDialect instead
2025-02-28T00:30:06.656+05:30  INFO 6612 --- [employee_payroll_app] [restartedMain] org.hibernate.orm.connections.pooling    : HHH10001005: Database info:
	Database JDBC URL [Connecting through datasource 'HikariDataSource (HikariPool-1)']
	Database driver: undefined/unknown
	Database version: 8.0
	Autocommit mode: undefined/unknown
	Isolation level: undefined/unknown
	Minimum pool size: undefined/unknown
	Maximum pool size: undefined/unknown
2025-02-28T00:30:09.100+05:30  INFO 6612 --- [employee_payroll_app] [restartedMain] o.h.e.t.j.p.i.JtaPlatformInitiator       : HHH000489: No JTA platform available (set 'hibernate.transaction.jta.platform' to enable JTA platform integration)
2025-02-28T00:30:09.296+05:30  INFO 6612 --- [employee_payroll_app] [restartedMain] j.LocalContainerEntityManagerFactoryBean : Initialized JPA EntityManagerFactory for persistence unit 'default'
2025-02-28T00:30:09.526+05:30  WARN 6612 --- [employee_payroll_app] [restartedMain] JpaBaseConfiguration$JpaWebConfiguration : spring.jpa.open-in-view is enabled by default. Therefore, database queries may be performed during view rendering. Explicitly configure spring.jpa.open-in-view to disable this warning
2025-02-28T00:30:11.097+05:30  INFO 6612 --- [employee_payroll_app] [restartedMain] o.s.b.d.a.OptionalLiveReloadServer       : LiveReload server is running on port 35729
2025-02-28T00:30:11.276+05:30  INFO 6612 --- [employee_payroll_app] [restartedMain] o.s.b.w.embedded.tomcat.TomcatWebServer  : Tomcat started on port 8080 (http) with context path '/'
2025-02-28T00:30:11.365+05:30  INFO 6612 --- [employee_payroll_app] [restartedMain] c.s.e.EmployeePayrollAppApplication      : Started EmployeePayrollAppApplication in 15.963 seconds (process running for 18.092)
2025-02-28T00:30:20.554+05:30  INFO 6612 --- [employee_payroll_app] [SpringApplicationShutdownHook] o.s.b.w.e.tomcat.GracefulShutdown        : Commencing graceful shutdown. Waiting for active requests to complete
2025-02-28T00:30:20.563+05:30  INFO 6612 --- [employee_payroll_app] [tomcat-shutdown] o.s.b.w.e.tomcat.GracefulShutdown        : Graceful shutdown complete
2025-02-28T00:30:20.573+05:30  INFO 6612 --- [employee_payroll_app] [SpringApplicationShutdownHook] j.LocalContainerEntityManagerFactoryBean : Closing JPA EntityManagerFactory for persistence unit 'default'
2025-02-28T00:30:20.582+05:30  INFO 6612 --- [employee_payroll_app] [SpringApplicationShutdownHook] com.zaxxer.hikari.HikariDataSource       : HikariPool-1 - Shutdown initiated...
2025-02-28T00:30:20.604+05:30  INFO 6612 --- [employee_payroll_app] [SpringApplicationShutdownHook] com.zaxxer.hikari.HikariDataSource       : HikariPool-1 - Shutdown completed.
